#
# A fatal error has been detected by the Java Runtime Environment:
#
#  SIGSEGV (0xb) at pc=0x00007ff9c13a3783, pid=3714, tid=0x00007ff9c26b6b80
#
# JRE version: Java(TM) SE Runtime Environment (8.0_201-b09) (build 1.8.0_201-b09)
# Java VM: Java HotSpot(TM) 64-Bit Server VM (25.201-b09 mixed mode linux-amd64 compressed oops)
# Problematic frame:
# V  [libjvm.so+0x90b783]  SR_handler(int, siginfo*, ucontext*)+0x33
#
# Failed to write core dump. Core dumps have been disabled. To enable core dumping, try "ulimit -c unlimited" before starting Java again
#
# If you would like to submit a bug report, please visit:
#   http://bugreport.java.com/bugreport/crash.jsp
#

---------------  T H R E A D  ---------------

Current thread is native thread

siginfo: si_signo: 11 (SIGSEGV), si_code: 1 (SEGV_MAPERR), si_addr: 0x0000000000000128

Registers:
RAX=0x0000000000000000, RBX=0x00007ff9c26b5700, RCX=0x00007ff9c2296d2d, RDX=0x00007ff9c26b6ea0
RSP=0x00007ffc3f25ae00, RBP=0x00007ffc3f25aeb0, RSI=0x00007ffc3f25aff0, RDI=0x0000000000000001
R8 =0x00000000000000ca, R9 =0x00007ff9c26b59d0, R10=0x0000000000000000, R11=0x0000000000000246
R12=0x00007ff9c26b6b00, R13=0x0000000000000002, R14=0x00007ffc3f25aff0, R15=0x00007ffc3f25aec0
RIP=0x00007ff9c13a3783, EFLAGS=0x0000000000010246, CSGSFS=0x002b000000000033, ERR=0x0000000000000004
  TRAPNO=0x000000000000000e

Top of Stack: (sp=0x00007ffc3f25ae00)
0x00007ffc3f25ae00:   00007ff9c1a929d0 00007ff9c24bb312
0x00007ffc3f25ae10:   0000000000000000 0000ffff00001fa0
0x00007ffc3f25ae20:   343137333f25b350 b71e679af97dad00
0x00007ffc3f25ae30:   00007ffc3f25ae70 00007ffc3f25ae70
0x00007ffc3f25ae40:   000000000000003f 00007ff9c15f2ca7
0x00007ffc3f25ae50:   00007ffc3f25b008 00000000010ee5c0
0x00007ffc3f25ae60:   00007ffc3f25b0e0 00007ff9c1b09910
0x00007ffc3f25ae70:   00000000fbad8001 00007ffc3f25b0e0
0x00007ffc3f25ae80:   00007ffc3f25b0e0 00007ff9c26b5700
0x00007ffc3f25ae90:   0000000000000000 00007ffc3f25b580
0x00007ffc3f25aea0:   0000000000000000 0000000000000001
0x00007ffc3f25aeb0:   00007ffc3f25b5e8 00007ff9c22a0890
0x00007ffc3f25aec0:   0000000000000007 0000000000000000
0x00007ffc3f25aed0:   0000000000000000 00007ff900000002
0x00007ffc3f25aee0:   0000000000000000 00000000000000ca
0x00007ffc3f25aef0:   00007ff9c26b59d0 0000000000000000
0x00007ffc3f25af00:   0000000000000246 0000000000000000
0x00007ffc3f25af10:   00007ffc3f25b580 0000000000000000
0x00007ffc3f25af20:   0000000000000001 00007ff9c26b59d0
0x00007ffc3f25af30:   0000000000000000 00007ffc3f25b5e8
0x00007ffc3f25af40:   00007ff9c26b5700 0000000000000e8d
0x00007ffc3f25af50:   00000000000000ca 00007ff9c2296d2d
0x00007ffc3f25af60:   00007ffc3f25b570 00007ff9c2296d2b
0x00007ffc3f25af70:   0000000000000246 002b000000000033
0x00007ffc3f25af80:   0000000000000000 0000000000000000
0x00007ffc3f25af90:   0000000000000000 0000000000000000
0x00007ffc3f25afa0:   00007ffc3f25b080 00007ffc3f25b0e8
0x00007ffc3f25afb0:   00007ff9c26b9748 00007ff9c26b8000
0x00007ffc3f25afc0:   0000000000000000 00007ff9c24b81ef
0x00007ffc3f25afd0:   0000000000000004 00007ff9c24be754
0x00007ffc3f25afe0:   0000000000000001 0000000000000000
0x00007ffc3f25aff0:   000000000000000c 00007ff900000000 

Instructions: (pc=0x00007ff9c13a3783)
0x00007ff9c13a3763:   48 81 ec 88 00 00 00 e8 81 1d 8f ff 44 8b 28 49
0x00007ff9c13a3773:   89 c4 48 8d 05 2c 61 68 00 8b 38 e8 15 2c 8f ff
0x00007ff9c13a3783:   48 8b 98 28 01 00 00 8b 83 a8 00 00 00 83 f8 01
0x00007ff9c13a3793:   74 1b 45 89 2c 24 48 81 c4 88 00 00 00 5b 41 5c 

Register to memory mapping:

RAX=0x0000000000000000 is an unknown value
RBX=0x00007ff9c26b5700 is pointing into the stack for thread: 0x00007ff9bc00b000
RCX=0x00007ff9c2296d2d: <offset 0x8d2d> in /lib/x86_64-linux-gnu/libpthread.so.0 at 0x00007ff9c228e000
RDX=0x00007ff9c26b6ea0 is an unknown value
RSP=0x00007ffc3f25ae00 is an unknown value
RBP=0x00007ffc3f25aeb0 is an unknown value
RSI=0x00007ffc3f25aff0 is an unknown value
RDI=0x0000000000000001 is an unknown value
R8 =0x00000000000000ca is an unknown value
R9 =0x00007ff9c26b59d0 is pointing into the stack for thread: 0x00007ff9bc00b000
R10=0x0000000000000000 is an unknown value
R11=0x0000000000000246 is an unknown value
R12=0x00007ff9c26b6b00 is an unknown value
R13=0x0000000000000002 is an unknown value
R14=0x00007ffc3f25aff0 is an unknown value
R15=0x00007ffc3f25aec0 is an unknown value


Stack: [0x00007ffc3f163000,0x00007ffc3f263000],  sp=0x00007ffc3f25ae00,  free space=991k
Native frames: (J=compiled Java code, j=interpreted, Vv=VM code, C=native code)
V  [libjvm.so+0x90b783]  SR_handler(int, siginfo*, ucontext*)+0x33
C  [libpthread.so.0+0x12890]


---------------  P R O C E S S  ---------------

VM state:not at safepoint (normal execution)

VM Mutex/Monitor currently owned by a thread: None

heap address: 0x0000000085800000, size: 1960 MB, Compressed Oops mode: 32-bit
Narrow klass base: 0x0000000000000000, Narrow klass shift: 3
Compressed class space size: 1073741824 Address: 0x0000000100000000

Heap:
 PSYoungGen      total 36864K, used 11977K [0x00000000d7300000, 0x00000000d9c00000, 0x0000000100000000)
  eden space 31744K, 21% used [0x00000000d7300000,0x00000000d79b9870,0x00000000d9200000)
  from space 5120K, 99% used [0x00000000d9200000,0x00000000d96f8c98,0x00000000d9700000)
  to   space 5120K, 0% used [0x00000000d9700000,0x00000000d9700000,0x00000000d9c00000)
 ParOldGen       total 84992K, used 46K [0x0000000085800000, 0x000000008ab00000, 0x00000000d7300000)
  object space 84992K, 0% used [0x0000000085800000,0x000000008580b8e0,0x000000008ab00000)
 Metaspace       used 10494K, capacity 10774K, committed 11008K, reserved 1058816K
  class space    used 1416K, capacity 1531K, committed 1536K, reserved 1048576K

Card table byte_map: [0x00007ff9abe0d000,0x00007ff9ac1e2000] byte_map_base: 0x00007ff9ab9e1000

Marking Bits: (ParMarkBitMap*) 0x00007ff9c1a63d80
 Begin Bits: [0x00007ff9a02c0000, 0x00007ff9a2160000)
 End Bits:   [0x00007ff9a2160000, 0x00007ff9a4000000)

Polling page: 0x00007ff9c26d3000

CodeCache: size=245760Kb used=3245Kb max_used=3247Kb free=242514Kb
 bounds [0x00007ff9ac5a2000, 0x00007ff9ac8d2000, 0x00007ff9bb5a2000]
 total_blobs=1267 nmethods=930 adapters=251
 compilation: enabled

Compilation events (10 events):
Event: 4.652 Thread 0x00007ff9bc0c6800  926       4       java.lang.AbstractStringBuilder::ensureCapacityInternal (27 bytes)
Event: 4.652 Thread 0x00007ff9bc0c9000  927       3       java.lang.Thread::interrupted (8 bytes)
Event: 4.652 Thread 0x00007ff9bc0c9000 nmethod 927 0x00007ff9ac8cdad0 code [0x00007ff9ac8cdc40, 0x00007ff9ac8cddc8]
Event: 4.655 Thread 0x00007ff9bc0c6800 nmethod 926 0x00007ff9ac8cebd0 code [0x00007ff9ac8ced20, 0x00007ff9ac8ceff8]
Event: 5.052 Thread 0x00007ff9bc0c9000  928       3       org.fusesource.jansi.Ansi::appendEscapeSequence (44 bytes)
Event: 5.053 Thread 0x00007ff9bc0c9000 nmethod 928 0x00007ff9ac8cb9d0 code [0x00007ff9ac8cbc60, 0x00007ff9ac8cce18]
Event: 5.053 Thread 0x00007ff9bc0c9000  929       1       java.util.Arrays$ArrayList::size (6 bytes)
Event: 5.053 Thread 0x00007ff9bc0c9000 nmethod 929 0x00007ff9ac8cb6d0 code [0x00007ff9ac8cb820, 0x00007ff9ac8cb930]
Event: 5.252 Thread 0x00007ff9bc0c9000  930       3       org.gradle.internal.logging.console.DefaultRedrawableLabel::setText (6 bytes)
Event: 5.252 Thread 0x00007ff9bc0c9000 nmethod 930 0x00007ff9ac8cb390 code [0x00007ff9ac8cb4e0, 0x00007ff9ac8cb650]

GC Heap History (2 events):
Event: 0.664 GC heap before
{Heap before GC invocations=1 (full 0):
 PSYoungGen      total 36864K, used 31744K [0x00000000d7300000, 0x00000000d9c00000, 0x0000000100000000)
  eden space 31744K, 100% used [0x00000000d7300000,0x00000000d9200000,0x00000000d9200000)
  from space 5120K, 0% used [0x00000000d9700000,0x00000000d9700000,0x00000000d9c00000)
  to   space 5120K, 0% used [0x00000000d9200000,0x00000000d9200000,0x00000000d9700000)
 ParOldGen       total 84992K, used 0K [0x0000000085800000, 0x000000008ab00000, 0x00000000d7300000)
  object space 84992K, 0% used [0x0000000085800000,0x0000000085800000,0x000000008ab00000)
 Metaspace       used 9019K, capacity 9206K, committed 9344K, reserved 1056768K
  class space    used 1235K, capacity 1325K, committed 1408K, reserved 1048576K
Event: 0.669 GC heap after
Heap after GC invocations=1 (full 0):
 PSYoungGen      total 36864K, used 5091K [0x00000000d7300000, 0x00000000d9c00000, 0x0000000100000000)
  eden space 31744K, 0% used [0x00000000d7300000,0x00000000d7300000,0x00000000d9200000)
  from space 5120K, 99% used [0x00000000d9200000,0x00000000d96f8c98,0x00000000d9700000)
  to   space 5120K, 0% used [0x00000000d9700000,0x00000000d9700000,0x00000000d9c00000)
 ParOldGen       total 84992K, used 46K [0x0000000085800000, 0x000000008ab00000, 0x00000000d7300000)
  object space 84992K, 0% used [0x0000000085800000,0x000000008580b8e0,0x000000008ab00000)
 Metaspace       used 9019K, capacity 9206K, committed 9344K, reserved 1056768K
  class space    used 1235K, capacity 1325K, committed 1408K, reserved 1048576K
}

Deoptimization events (9 events):
Event: 0.298 Thread 0x00007ff9bc00b000 Uncommon trap: reason=unstable_if action=reinterpret pc=0x00007ff9ac7445b4 method=java.lang.String.startsWith(Ljava/lang/String;I)Z @ 25
Event: 0.342 Thread 0x00007ff9bc00b000 Uncommon trap: reason=unstable_if action=reinterpret pc=0x00007ff9ac72ae7c method=java.util.regex.Matcher.reset()Ljava/util/regex/Matcher; @ 47
Event: 0.342 Thread 0x00007ff9bc00b000 Uncommon trap: reason=class_check action=maybe_recompile pc=0x00007ff9ac72f7c4 method=java.util.regex.Matcher.match(II)Z @ 86
Event: 0.479 Thread 0x00007ff9bc00b000 Uncommon trap: reason=class_check action=maybe_recompile pc=0x00007ff9ac72f7c4 method=java.util.regex.Matcher.match(II)Z @ 86
Event: 0.479 Thread 0x00007ff9bc00b000 Uncommon trap: reason=class_check action=maybe_recompile pc=0x00007ff9ac72f7c4 method=java.util.regex.Matcher.match(II)Z @ 86
Event: 0.479 Thread 0x00007ff9bc00b000 Uncommon trap: reason=class_check action=maybe_recompile pc=0x00007ff9ac72f7c4 method=java.util.regex.Matcher.match(II)Z @ 86
Event: 0.616 Thread 0x00007ff9bc00b000 Uncommon trap: reason=unstable_if action=reinterpret pc=0x00007ff9ac830adc method=java.util.HashMap.hash(Ljava/lang/Object;)I @ 1
Event: 0.660 Thread 0x00007ff9bc00b000 Uncommon trap: reason=unstable_if action=reinterpret pc=0x00007ff9ac7da3e4 method=java.util.HashMap.getNode(ILjava/lang/Object;)Ljava/util/HashMap$Node; @ 129
Event: 0.660 Thread 0x00007ff9bc00b000 Uncommon trap: reason=bimorphic action=maybe_recompile pc=0x00007ff9ac83cdc4 method=java.util.HashMap.putVal(ILjava/lang/Object;Ljava/lang/Object;ZZ)Ljava/lang/Object; @ 203

Classes redefined (0 events):
No events

Internal exceptions (10 events):
Event: 0.627 Thread 0x00007ff9bc00b000 Exception <a 'java/lang/ArrayIndexOutOfBoundsException'> (0x00000000d8d69d08) thrown at [/HUDSON/workspace/8-2-build-linux-amd64/jdk8u201/12317/hotspot/src/share/vm/runtime/sharedRuntime.cpp, line 605]
Event: 0.627 Thread 0x00007ff9bc00b000 Exception <a 'java/lang/ArrayIndexOutOfBoundsException'> (0x00000000d8d7e9a0) thrown at [/HUDSON/workspace/8-2-build-linux-amd64/jdk8u201/12317/hotspot/src/share/vm/runtime/sharedRuntime.cpp, line 605]
Event: 0.628 Thread 0x00007ff9bc00b000 Exception <a 'java/lang/ArrayIndexOutOfBoundsException'> (0x00000000d8d82ba8) thrown at [/HUDSON/workspace/8-2-build-linux-amd64/jdk8u201/12317/hotspot/src/share/vm/runtime/sharedRuntime.cpp, line 605]
Event: 0.632 Thread 0x00007ff9bc00b000 Exception <a 'java/lang/ArrayIndexOutOfBoundsException'> (0x00000000d8deeb28) thrown at [/HUDSON/workspace/8-2-build-linux-amd64/jdk8u201/12317/hotspot/src/share/vm/runtime/sharedRuntime.cpp, line 605]
Event: 0.632 Thread 0x00007ff9bc00b000 Exception <a 'java/lang/ArrayIndexOutOfBoundsException'> (0x00000000d8defef0) thrown at [/HUDSON/workspace/8-2-build-linux-amd64/jdk8u201/12317/hotspot/src/share/vm/runtime/sharedRuntime.cpp, line 605]
Event: 0.632 Thread 0x00007ff9bc00b000 Exception <a 'java/lang/ArrayIndexOutOfBoundsException'> (0x00000000d8df1570) thrown at [/HUDSON/workspace/8-2-build-linux-amd64/jdk8u201/12317/hotspot/src/share/vm/runtime/sharedRuntime.cpp, line 605]
Event: 0.632 Thread 0x00007ff9bc00b000 Exception <a 'java/lang/ArrayIndexOutOfBoundsException'> (0x00000000d8df26a8) thrown at [/HUDSON/workspace/8-2-build-linux-amd64/jdk8u201/12317/hotspot/src/share/vm/runtime/sharedRuntime.cpp, line 605]
Event: 0.632 Thread 0x00007ff9bc00b000 Exception <a 'java/lang/ArrayIndexOutOfBoundsException'> (0x00000000d8df5d58) thrown at [/HUDSON/workspace/8-2-build-linux-amd64/jdk8u201/12317/hotspot/src/share/vm/runtime/sharedRuntime.cpp, line 605]
Event: 0.639 Thread 0x00007ff9bc00b000 Exception <a 'java/lang/NoClassDefFoundError': org/slf4j/impl/StaticMarkerBinder> (0x00000000d8eb6d28) thrown at [/HUDSON/workspace/8-2-build-linux-amd64/jdk8u201/12317/hotspot/src/share/vm/classfile/systemDictionary.cpp, line 199]
Event: 0.696 Thread 0x00007ff9bc00b000 Exception <a 'java/net/SocketException': Protocol family unavailable> (0x00000000d75bdab8) thrown at [/HUDSON/workspace/8-2-build-linux-amd64/jdk8u201/12317/hotspot/src/share/vm/prims/jni.cpp, line 735]

Events (10 events):
Event: 1.568 loading class org/gradle/internal/serialize/ExceptionReplacingObjectInputStream$1
Event: 1.568 loading class org/gradle/internal/serialize/ExceptionReplacingObjectInputStream$1 done
Event: 3.352 loading class org/gradle/internal/logging/text/AbstractLineChoppingStyledTextOutput$StateContext
Event: 3.352 loading class org/gradle/internal/logging/text/AbstractLineChoppingStyledTextOutput$StateContext done
Event: 3.355 loading class org/gradle/internal/logging/console/DefaultTextArea$2
Event: 3.355 loading class org/gradle/internal/logging/console/DefaultTextArea$2 done
Event: 3.356 loading class org/gradle/internal/logging/console/DefaultTextArea$2$1
Event: 3.356 loading class org/gradle/internal/logging/console/DefaultTextArea$2$1 done
Event: 4.140 Executing VM operation: EnableBiasedLocking
Event: 4.140 Executing VM operation: EnableBiasedLocking done


Dynamic libraries:
00400000-00401000 r-xp 00000000 08:06 8013769                            /usr/lib/jvm/jdk1.8.0_201/bin/java
00600000-00601000 r--p 00000000 08:06 8013769                            /usr/lib/jvm/jdk1.8.0_201/bin/java
00601000-00602000 rw-p 00001000 08:06 8013769                            /usr/lib/jvm/jdk1.8.0_201/bin/java
010ee000-013bc000 rw-p 00000000 00:00 0                                  [heap]
85800000-8ab00000 rw-p 00000000 00:00 0 
8ab00000-d7300000 ---p 00000000 00:00 0 
d7300000-d9c00000 rw-p 00000000 00:00 0 
d9c00000-100000000 ---p 00000000 00:00 0 
100000000-100180000 rw-p 00000000 00:00 0 
100180000-140000000 ---p 00000000 00:00 0 
7ff94c000000-7ff94c021000 rw-p 00000000 00:00 0 
7ff94c021000-7ff950000000 ---p 00000000 00:00 0 
7ff950000000-7ff950021000 rw-p 00000000 00:00 0 
7ff950021000-7ff954000000 ---p 00000000 00:00 0 
7ff954000000-7ff954021000 rw-p 00000000 00:00 0 
7ff954021000-7ff958000000 ---p 00000000 00:00 0 
7ff958000000-7ff958028000 rw-p 00000000 00:00 0 
7ff958028000-7ff95c000000 ---p 00000000 00:00 0 
7ff95c000000-7ff95c1e9000 rw-p 00000000 00:00 0 
7ff95c1e9000-7ff960000000 ---p 00000000 00:00 0 
7ff960000000-7ff960021000 rw-p 00000000 00:00 0 
7ff960021000-7ff964000000 ---p 00000000 00:00 0 
7ff964000000-7ff964236000 rw-p 00000000 00:00 0 
7ff964236000-7ff968000000 ---p 00000000 00:00 0 
7ff968000000-7ff9681ee000 rw-p 00000000 00:00 0 
7ff9681ee000-7ff96c000000 ---p 00000000 00:00 0 
7ff96c000000-7ff96c021000 rw-p 00000000 00:00 0 
7ff96c021000-7ff970000000 ---p 00000000 00:00 0 
7ff970000000-7ff9702e1000 rw-p 00000000 00:00 0 
7ff9702e1000-7ff974000000 ---p 00000000 00:00 0 
7ff974000000-7ff974021000 rw-p 00000000 00:00 0 
7ff974021000-7ff978000000 ---p 00000000 00:00 0 
7ff978000000-7ff978021000 rw-p 00000000 00:00 0 
7ff978021000-7ff97c000000 ---p 00000000 00:00 0 
7ff97c000000-7ff97c021000 rw-p 00000000 00:00 0 
7ff97c021000-7ff980000000 ---p 00000000 00:00 0 
7ff980000000-7ff980021000 rw-p 00000000 00:00 0 
7ff980021000-7ff984000000 ---p 00000000 00:00 0 
7ff984000000-7ff984021000 rw-p 00000000 00:00 0 
7ff984021000-7ff988000000 ---p 00000000 00:00 0 
7ff988000000-7ff988021000 rw-p 00000000 00:00 0 
7ff988021000-7ff98c000000 ---p 00000000 00:00 0 
7ff98c000000-7ff98c021000 rw-p 00000000 00:00 0 
7ff98c021000-7ff990000000 ---p 00000000 00:00 0 
7ff991936000-7ff991939000 ---p 00000000 00:00 0 
7ff991939000-7ff991a37000 rw-p 00000000 00:00 0 
7ff991a37000-7ff991a3a000 ---p 00000000 00:00 0 
7ff991a3a000-7ff991c78000 rw-p 00000000 00:00 0 
7ff991c78000-7ff991d38000 ---p 00000000 00:00 0 
7ff991d38000-7ff991d41000 r-xp 00000000 08:06 10888336                   /usr/lib/jvm/jdk1.8.0_201/jre/lib/amd64/libmanagement.so
7ff991d41000-7ff991f40000 ---p 00009000 08:06 10888336                   /usr/lib/jvm/jdk1.8.0_201/jre/lib/amd64/libmanagement.so
7ff991f40000-7ff991f41000 r--p 00008000 08:06 10888336                   /usr/lib/jvm/jdk1.8.0_201/jre/lib/amd64/libmanagement.so
7ff991f41000-7ff991f42000 rw-p 00009000 08:06 10888336                   /usr/lib/jvm/jdk1.8.0_201/jre/lib/amd64/libmanagement.so
7ff991f42000-7ff991f45000 ---p 00000000 00:00 0 
7ff991f45000-7ff992043000 rw-p 00000000 00:00 0 
7ff992043000-7ff992045000 r-xp 00000000 08:06 9065339                    /home/ermicho/.gradle/native/jansi/1.14/linux64/libjansi.so
7ff992045000-7ff992244000 ---p 00002000 08:06 9065339                    /home/ermicho/.gradle/native/jansi/1.14/linux64/libjansi.so
7ff992244000-7ff992245000 rw-p 00001000 08:06 9065339                    /home/ermicho/.gradle/native/jansi/1.14/linux64/libjansi.so
7ff992245000-7ff99226a000 r-xp 00000000 08:06 3937134                    /lib/x86_64-linux-gnu/libtinfo.so.5.9
7ff99226a000-7ff99246a000 ---p 00025000 08:06 3937134                    /lib/x86_64-linux-gnu/libtinfo.so.5.9
7ff99246a000-7ff99246e000 r--p 00025000 08:06 3937134                    /lib/x86_64-linux-gnu/libtinfo.so.5.9
7ff99246e000-7ff99246f000 rw-p 00029000 08:06 3937134                    /lib/x86_64-linux-gnu/libtinfo.so.5.9
7ff99246f000-7ff992490000 r-xp 00000000 08:06 3937049                    /lib/x86_64-linux-gnu/libncurses.so.5.9
7ff992490000-7ff992690000 ---p 00021000 08:06 3937049                    /lib/x86_64-linux-gnu/libncurses.so.5.9
7ff992690000-7ff992691000 r--p 00021000 08:06 3937049                    /lib/x86_64-linux-gnu/libncurses.so.5.9
7ff992691000-7ff992692000 rw-p 00022000 08:06 3937049                    /lib/x86_64-linux-gnu/libncurses.so.5.9
7ff992692000-7ff992695000 r-xp 00000000 08:06 9065345                    /home/ermicho/.gradle/native/25/linux-amd64-ncurses5/libnative-platform-curses.so
7ff992695000-7ff992895000 ---p 00003000 08:06 9065345                    /home/ermicho/.gradle/native/25/linux-amd64-ncurses5/libnative-platform-curses.so
7ff992895000-7ff992896000 rw-p 00003000 08:06 9065345                    /home/ermicho/.gradle/native/25/linux-amd64-ncurses5/libnative-platform-curses.so
7ff992896000-7ff9928ad000 r-xp 00000000 08:06 3936880                    /lib/x86_64-linux-gnu/libgcc_s.so.1
7ff9928ad000-7ff992aac000 ---p 00017000 08:06 3936880                    /lib/x86_64-linux-gnu/libgcc_s.so.1
7ff992aac000-7ff992aad000 r--p 00016000 08:06 3936880                    /lib/x86_64-linux-gnu/libgcc_s.so.1
7ff992aad000-7ff992aae000 rw-p 00017000 08:06 3936880                    /lib/x86_64-linux-gnu/libgcc_s.so.1
7ff992aae000-7ff992c27000 r-xp 00000000 08:06 657556                     /usr/lib/x86_64-linux-gnu/libstdc++.so.6.0.25
7ff992c27000-7ff992e27000 ---p 00179000 08:06 657556                     /usr/lib/x86_64-linux-gnu/libstdc++.so.6.0.25
7ff992e27000-7ff992e31000 r--p 00179000 08:06 657556                     /usr/lib/x86_64-linux-gnu/libstdc++.so.6.0.25
7ff992e31000-7ff992e33000 rw-p 00183000 08:06 657556                     /usr/lib/x86_64-linux-gnu/libstdc++.so.6.0.25
7ff992e33000-7ff992e37000 rw-p 00000000 00:00 0 
7ff992e37000-7ff992e3c000 r-xp 00000000 08:06 9065331                    /home/ermicho/.gradle/native/25/linux-amd64/libnative-platform.so
7ff992e3c000-7ff99303b000 ---p 00005000 08:06 9065331                    /home/ermicho/.gradle/native/25/linux-amd64/libnative-platform.so
7ff99303b000-7ff99303c000 rw-p 00004000 08:06 9065331                    /home/ermicho/.gradle/native/25/linux-amd64/libnative-platform.so
7ff99303c000-7ff993207000 r--s 019b7000 08:06 131420                     /home/ermicho/.gradle/wrapper/dists/gradle-4.10.2-all/9fahxiiecdb76a5g3aw9oi8rv/gradle-4.10.2/lib/kotlin-compiler-embeddable-1.2.61.jar
7ff993207000-7ff993218000 r-xp 00000000 08:06 10888331                   /usr/lib/jvm/jdk1.8.0_201/jre/lib/amd64/libnio.so
7ff993218000-7ff993417000 ---p 00011000 08:06 10888331                   /usr/lib/jvm/jdk1.8.0_201/jre/lib/amd64/libnio.so
7ff993417000-7ff993418000 r--p 00010000 08:06 10888331                   /usr/lib/jvm/jdk1.8.0_201/jre/lib/amd64/libnio.so
7ff993418000-7ff993419000 rw-p 00011000 08:06 10888331                   /usr/lib/jvm/jdk1.8.0_201/jre/lib/amd64/libnio.so
7ff993419000-7ff99342f000 r-xp 00000000 08:06 10888328                   /usr/lib/jvm/jdk1.8.0_201/jre/lib/amd64/libnet.so
7ff99342f000-7ff99362f000 ---p 00016000 08:06 10888328                   /usr/lib/jvm/jdk1.8.0_201/jre/lib/amd64/libnet.so
7ff99362f000-7ff993630000 r--p 00016000 08:06 10888328                   /usr/lib/jvm/jdk1.8.0_201/jre/lib/amd64/libnet.so
7ff993630000-7ff993631000 rw-p 00017000 08:06 10888328                   /usr/lib/jvm/jdk1.8.0_201/jre/lib/amd64/libnet.so
7ff993631000-7ff994000000 r--p 00000000 08:06 662140                     /usr/lib/locale/locale-archive
7ff994000000-7ff994021000 rw-p 00000000 00:00 0 
7ff994021000-7ff998000000 ---p 00000000 00:00 0 
7ff998000000-7ff998021000 rw-p 00000000 00:00 0 
7ff998021000-7ff99c000000 ---p 00000000 00:00 0 
7ff99c000000-7ff99c021000 rw-p 00000000 00:00 0 
7ff99c021000-7ff9a0000000 ---p 00000000 00:00 0 
7ff9a002a000-7ff9a0031000 r--s 00000000 08:06 920324                     /usr/lib/x86_64-linux-gnu/gconv/gconv-modules.cache
7ff9a0031000-7ff9a0033000 r--s 00006000 08:06 131431                     /home/ermicho/.gradle/wrapper/dists/gradle-4.10.2-all/9fahxiiecdb76a5g3aw9oi8rv/gradle-4.10.2/lib/gradle-wrapper-4.10.2.jar
7ff9a0033000-7ff9a0042000 r--s 0004b000 08:06 131430                     /home/ermicho/.gradle/wrapper/dists/gradle-4.10.2-all/9fahxiiecdb76a5g3aw9oi8rv/gradle-4.10.2/lib/gradle-tooling-api-4.10.2.jar
7ff9a0042000-7ff9a0044000 r--s 00002000 08:06 131427                     /home/ermicho/.gradle/wrapper/dists/gradle-4.10.2-all/9fahxiiecdb76a5g3aw9oi8rv/gradle-4.10.2/lib/kotlin-stdlib-jdk8-1.2.61.jar
7ff9a0044000-7ff9a0045000 r--s 00000000 08:06 131426                     /home/ermicho/.gradle/wrapper/dists/gradle-4.10.2-all/9fahxiiecdb76a5g3aw9oi8rv/gradle-4.10.2/lib/kotlin-stdlib-jdk7-1.2.61.jar
7ff9a0045000-7ff9a004b000 r--s 00015000 08:06 131425                     /home/ermicho/.gradle/wrapper/dists/gradle-4.10.2-all/9fahxiiecdb76a5g3aw9oi8rv/gradle-4.10.2/lib/kotlin-stdlib-common-1.2.61.jar
7ff9a004b000-7ff9a005b000 r--s 000db000 08:06 131424                     /home/ermicho/.gradle/wrapper/dists/gradle-4.10.2-all/9fahxiiecdb76a5g3aw9oi8rv/gradle-4.10.2/lib/kotlin-stdlib-1.2.61.jar
7ff9a005b000-7ff9a005d000 r--s 00009000 08:06 131423                     /home/ermicho/.gradle/wrapper/dists/gradle-4.10.2-all/9fahxiiecdb76a5g3aw9oi8rv/gradle-4.10.2/lib/kotlin-script-runtime-1.2.61.jar
7ff9a005d000-7ff9a005e000 r--s 00002000 08:06 131422                     /home/ermicho/.gradle/wrapper/dists/gradle-4.10.2-all/9fahxiiecdb76a5g3aw9oi8rv/gradle-4.10.2/lib/kotlin-sam-with-receiver-compiler-plugin-1.2.61.jar
7ff9a005e000-7ff9a0093000 r--s 00241000 08:06 131421                     /home/ermicho/.gradle/wrapper/dists/gradle-4.10.2-all/9fahxiiecdb76a5g3aw9oi8rv/gradle-4.10.2/lib/kotlin-reflect-1.2.61.jar
7ff9a0093000-7ff9a0095000 r--s 00000000 08:06 131419                     /home/ermicho/.gradle/wrapper/dists/gradle-4.10.2-all/9fahxiiecdb76a5g3aw9oi8rv/gradle-4.10.2/lib/gradle-kotlin-dsl-tooling-models-1.0-rc-6.jar
7ff9a0095000-7ff9a0097000 r--s 00003000 08:06 131415                     /home/ermicho/.gradle/wrapper/dists/gradle-4.10.2-all/9fahxiiecdb76a5g3aw9oi8rv/gradle-4.10.2/lib/annotations-13.0.jar
7ff9a0097000-7ff9a00ab000 r--s 00109000 08:06 131416                     /home/ermicho/.gradle/wrapper/dists/gradle-4.10.2-all/9fahxiiecdb76a5g3aw9oi8rv/gradle-4.10.2/lib/gradle-kotlin-dsl-1.0-rc-6.jar
7ff9a00ab000-7ff9a00af000 r--s 00013000 08:06 131436                     /home/ermicho/.gradle/wrapper/dists/gradle-4.10.2-all/9fahxiiecdb76a5g3aw9oi8rv/gradle-4.10.2/lib/gradle-build-cache-4.10.2.jar
7ff9a00af000-7ff9a00b5000 r--s 00034000 08:06 131437                     /home/ermicho/.gradle/wrapper/dists/gradle-4.10.2-all/9fahxiiecdb76a5g3aw9oi8rv/gradle-4.10.2/lib/gradle-persistent-cache-4.10.2.jar
7ff9a00b5000-7ff9a00ba000 r--s 00015000 08:06 131440                     /home/ermicho/.gradle/wrapper/dists/gradle-4.10.2-all/9fahxiiecdb76a5g3aw9oi8rv/gradle-4.10.2/lib/gradle-resources-4.10.2.jar
7ff9a00ba000-7ff9a00bb000 r--s 00003000 08:06 131447                     /home/ermicho/.gradle/wrapper/dists/gradle-4.10.2-all/9fahxiiecdb76a5g3aw9oi8rv/gradle-4.10.2/lib/gradle-build-option-4.10.2.jar
7ff9a00bb000-7ff9a00bc000 r--s 00006000 08:06 131448                     /home/ermicho/.gradle/wrapper/dists/gradle-4.10.2-all/9fahxiiecdb76a5g3aw9oi8rv/gradle-4.10.2/lib/gradle-cli-4.10.2.jar
7ff9a00bc000-7ff9a00be000 r--s 00004000 08:06 131460                     /home/ermicho/.gradle/wrapper/dists/gradle-4.10.2-all/9fahxiiecdb76a5g3aw9oi8rv/gradle-4.10.2/lib/log4j-over-slf4j-1.7.16.jar
7ff9a00be000-7ff9a00c0000 r--s 00000000 08:06 131459                     /home/ermicho/.gradle/wrapper/dists/gradle-4.10.2-all/9fahxiiecdb76a5g3aw9oi8rv/gradle-4.10.2/lib/jul-to-slf4j-1.7.16.jar
7ff9a00c0000-7ff9a00c2000 r--s 00003000 08:06 131458                     /home/ermicho/.gradle/wrapper/dists/gradle-4.10.2-all/9fahxiiecdb76a5g3aw9oi8rv/gradle-4.10.2/lib/jcl-over-slf4j-1.7.16.jar
7ff9a00c2000-7ff9a00ca000 r--s 00035000 08:06 131438                     /home/ermicho/.gradle/wrapper/dists/gradle-4.10.2-all/9fahxiiecdb76a5g3aw9oi8rv/gradle-4.10.2/lib/gradle-logging-4.10.2.jar
7ff9a00ca000-7ff9a00d9000 r--s 00085000 08:06 131443                     /home/ermicho/.gradle/wrapper/dists/gradle-4.10.2-all/9fahxiiecdb76a5g3aw9oi8rv/gradle-4.10.2/lib/gradle-model-core-4.10.2.jar
7ff9a00d9000-7ff9a00db000 r--s 00006000 08:06 131444                     /home/ermicho/.gradle/wrapper/dists/gradle-4.10.2-all/9fahxiiecdb76a5g3aw9oi8rv/gradle-4.10.2/lib/gradle-base-services-groovy-4.10.2.jar
7ff9a00db000-7ff9a00dd000 r--s 00007000 08:06 131442                     /home/ermicho/.gradle/wrapper/dists/gradle-4.10.2-all/9fahxiiecdb76a5g3aw9oi8rv/gradle-4.10.2/lib/gradle-model-groovy-4.10.2.jar
7ff9a00dd000-7ff9a00de000 r--s 00006000 08:06 131449                     /home/ermicho/.gradle/wrapper/dists/gradle-4.10.2-all/9fahxiiecdb76a5g3aw9oi8rv/gradle-4.10.2/lib/gradle-docs-4.10.2.jar
7ff9a00de000-7ff9a00e7000 r--s 0002d000 08:06 131472                     /home/ermicho/.gradle/wrapper/dists/gradle-4.10.2-all/9fahxiiecdb76a5g3aw9oi8rv/gradle-4.10.2/lib/xml-apis-1.4.01.jar
7ff9a00e7000-7ff9a00e8000 r--s 00000000 08:06 131468                     /home/ermicho/.gradle/wrapper/dists/gradle-4.10.2-all/9fahxiiecdb76a5g3aw9oi8rv/gradle-4.10.2/lib/javax.inject-1.jar
7ff9a00e8000-7ff9a0159000 r--s 00665000 08:06 131466                     /home/ermicho/.gradle/wrapper/dists/gradle-4.10.2-all/9fahxiiecdb76a5g3aw9oi8rv/gradle-4.10.2/lib/groovy-all-2.4.15.jar
7ff9a0159000-7ff9a0163000 r--s 00078000 08:06 131471                     /home/ermicho/.gradle/wrapper/dists/gradle-4.10.2-all/9fahxiiecdb76a5g3aw9oi8rv/gradle-4.10.2/lib/commons-compress-1.14.jar
7ff9a0163000-7ff9a0170000 r--s 00083000 08:06 131469                     /home/ermicho/.gradle/wrapper/dists/gradle-4.10.2-all/9fahxiiecdb76a5g3aw9oi8rv/gradle-4.10.2/lib/commons-collections-3.2.2.jar
7ff9a0170000-7ff9a0171000 r--s 00007000 08:06 131451                     /home/ermicho/.gradle/wrapper/dists/gradle-4.10.2-all/9fahxiiecdb76a5g3aw9oi8rv/gradle-4.10.2/lib/asm-analysis-6.2.jar
7ff9a0171000-7ff9a0173000 r--s 0000b000 08:06 131452                     /home/ermicho/.gradle/wrapper/dists/gradle-4.10.2-all/9fahxiiecdb76a5g3aw9oi8rv/gradle-4.10.2/lib/asm-tree-6.2.jar
7ff9a0173000-7ff9a0175000 r--s 00012000 08:06 131450                     /home/ermicho/.gradle/wrapper/dists/gradle-4.10.2-all/9fahxiiecdb76a5g3aw9oi8rv/gradle-4.10.2/lib/asm-commons-6.2.jar
7ff9a0175000-7ff9a0176000 r--s 00004000 08:06 131475                     /home/ermicho/.gradle/wrapper/dists/gradle-4.10.2-all/9fahxiiecdb76a5g3aw9oi8rv/gradle-4.10.2/lib/native-platform-freebsd-amd64-libcpp-0.14.jar
7ff9a0176000-7ff9a0177000 r--s 00004000 08:06 131476                     /home/ermicho/.gradle/wrapper/dists/gradle-4.10.2-all/9fahxiiecdb76a5g3aw9oi8rv/gradle-4.10.2/lib/native-platform-freebsd-amd64-libstdcpp-0.14.jar
7ff9a0177000-7ff9a0178000 r--s 00004000 08:06 131477                     /home/ermicho/.gradle/wrapper/dists/gradle-4.10.2-all/9fahxiiecdb76a5g3aw9oi8rv/gradle-4.10.2/lib/native-platform-freebsd-i386-libcpp-0.14.jar
7ff9a0178000-7ff9a0179000 r--s 00003000 08:06 131478                     /home/ermicho/.gradle/wrapper/dists/gradle-4.10.2-all/9fahxiiecdb76a5g3aw9oi8rv/gradle-4.10.2/lib/native-platform-freebsd-i386-libstdcpp-0.14.jar
7ff9a0179000-7ff9a017a000 r--s 00002000 08:06 131479                     /home/ermicho/.gradle/wrapper/dists/gradle-4.10.2-all/9fahxiiecdb76a5g3aw9oi8rv/gradle-4.10.2/lib/native-platform-linux-amd64-0.14.jar
7ff9a017a000-7ff9a017b000 r--s 00002000 08:06 131480                     /home/ermicho/.gradle/wrapper/dists/gradle-4.10.2-all/9fahxiiecdb76a5g3aw9oi8rv/gradle-4.10.2/lib/native-platform-linux-i386-0.14.jar
7ff9a017b000-7ff9a017d000 r--s 00002000 08:06 131481                     /home/ermicho/.gradle/wrapper/dists/gradle-4.10.2-all/9fahxiiecdb76a5g3aw9oi8rv/gradle-4.10.2/lib/native-platform-osx-amd64-0.14.jar
7ff9a017d000-7ff9a017e000 r--s 00003000 08:06 131482                     /home/ermicho/.gradle/wrapper/dists/gradle-4.10.2-all/9fahxiiecdb76a5g3aw9oi8rv/gradle-4.10.2/lib/native-platform-osx-i386-0.14.jar
7ff9a017e000-7ff9a0180000 r--s 0000b000 08:06 131483                     /home/ermicho/.gradle/wrapper/dists/gradle-4.10.2-all/9fahxiiecdb76a5g3aw9oi8rv/gradle-4.10.2/lib/native-platform-windows-amd64-0.14.jar
7ff9a0180000-7ff9a0181000 r--s 0000b000 08:06 131484                     /home/ermicho/.gradle/wrapper/dists/gradle-4.10.2-all/9fahxiiecdb76a5g3aw9oi8rv/gradle-4.10.2/lib/native-platform-windows-i386-0.14.jar
7ff9a0181000-7ff9a0182000 r--s 00001000 08:06 131485                     /home/ermicho/.gradle/wrapper/dists/gradle-4.10.2-all/9fahxiiecdb76a5g3aw9oi8rv/gradle-4.10.2/lib/native-platform-linux-amd64-ncurses5-0.14.jar
7ff9a0182000-7ff9a0183000 r--s 00001000 08:06 131486                     /home/ermicho/.gradle/wrapper/dists/gradle-4.10.2-all/9fahxiiecdb76a5g3aw9oi8rv/gradle-4.10.2/lib/native-platform-linux-amd64-ncurses6-0.14.jar
7ff9a0183000-7ff9a0184000 r--s 00001000 08:06 131487                     /home/ermicho/.gradle/wrapper/dists/gradle-4.10.2-all/9fahxiiecdb76a5g3aw9oi8rv/gradle-4.10.2/lib/native-platform-linux-i386-ncurses5-0.14.jar
7ff9a0184000-7ff9a0188000 r--s 00012000 08:06 131470                     /home/ermicho/.gradle/wrapper/dists/gradle-4.10.2-all/9fahxiiecdb76a5g3aw9oi8rv/gradle-4.10.2/lib/native-platform-0.14.jar
7ff9a0188000-7ff9a018b000 r--s 00023000 08:06 131473                     /home/ermicho/.gradle/wrapper/dists/gradle-4.10.2-all/9fahxiiecdb76a5g3aw9oi8rv/gradle-4.10.2/lib/jansi-1.14.jar
7ff9a018b000-7ff9a018f000 r--s 0000c000 08:06 131441                     /home/ermicho/.gradle/wrapper/dists/gradle-4.10.2-all/9fahxiiecdb76a5g3aw9oi8rv/gradle-4.10.2/lib/gradle-native-4.10.2.jar
7ff9a018f000-7ff9a0191000 r--s 0000f000 08:06 131454                     /home/ermicho/.gradle/wrapper/dists/gradle-4.10.2-all/9fahxiiecdb76a5g3aw9oi8rv/gradle-4.10.2/lib/reflectasm-1.07-shaded.jar
7ff9a0191000-7ff9a0193000 r--s 00000000 08:06 131489                     /home/ermicho/.gradle/wrapper/dists/gradle-4.10.2-all/9fahxiiecdb76a5g3aw9oi8rv/gradle-4.10.2/lib/minlog-1.2.jar
7ff9a0193000-7ff9a0197000 r--s 00026000 08:06 131453                     /home/ermicho/.gradle/wrapper/dists/gradle-4.10.2-all/9fahxiiecdb76a5g3aw9oi8rv/gradle-4.10.2/lib/kryo-2.20.jar
7ff9a0197000-7ff9a01bf000 r--s 001cf000 08:06 131462                     /home/ermicho/.gradle/wrapper/dists/gradle-4.10.2-all/9fahxiiecdb76a5g3aw9oi8rv/gradle-4.10.2/lib/guava-jdk5-17.0.jar
7ff9a01bf000-7ff9a01c0000 ---p 00000000 00:00 0 
7ff9a01c0000-7ff9a4000000 rw-p 00000000 00:00 0 
7ff9a4000000-7ff9a4021000 rw-p 00000000 00:00 0 
7ff9a4021000-7ff9a8000000 ---p 00000000 00:00 0 
7ff9a8000000-7ff9a8001000 r--s 00001000 08:06 131488                     /home/ermicho/.gradle/wrapper/dists/gradle-4.10.2-all/9fahxiiecdb76a5g3aw9oi8rv/gradle-4.10.2/lib/native-platform-linux-i386-ncurses6-0.14.jar
7ff9a8001000-7ff9a8003000 r--s 00007000 08:06 131490                     /home/ermicho/.gradle/wrapper/dists/gradle-4.10.2-all/9fahxiiecdb76a5g3aw9oi8rv/gradle-4.10.2/lib/objenesis-1.2.jar
7ff9a8003000-7ff9a800a000 r--s 0002d000 08:06 131445                     /home/ermicho/.gradle/wrapper/dists/gradle-4.10.2-all/9fahxiiecdb76a5g3aw9oi8rv/gradle-4.10.2/lib/gradle-messaging-4.10.2.jar
7ff9a800a000-7ff9a8029000 r--s 001d9000 08:06 131467                     /home/ermicho/.gradle/wrapper/dists/gradle-4.10.2-all/9fahxiiecdb76a5g3aw9oi8rv/gradle-4.10.2/lib/ant-1.9.11.jar
7ff9a8029000-7ff9a806f000 r--s 00265000 08:06 131433                     /home/ermicho/.gradle/wrapper/dists/gradle-4.10.2-all/9fahxiiecdb76a5g3aw9oi8rv/gradle-4.10.2/lib/gradle-core-4.10.2.jar
7ff9a806f000-7ff9a8072000 ---p 00000000 00:00 0 
7ff9a8072000-7ff9a8170000 rw-p 00000000 00:00 0 
7ff9a8170000-7ff9a8171000 ---p 00000000 00:00 0 
7ff9a8171000-7ff9a8174000 ---p 00000000 00:00 0 
7ff9a8174000-7ff9a8271000 rw-p 00000000 00:00 0 
7ff9a8271000-7ff9a8272000 ---p 00000000 00:00 0 
7ff9a8272000-7ff9a8275000 ---p 00000000 00:00 0 
7ff9a8275000-7ff9a8372000 rw-p 00000000 00:00 0 
7ff9a8372000-7ff9a8373000 ---p 00000000 00:00 0 
7ff9a8373000-7ff9a8376000 ---p 00000000 00:00 0 
7ff9a8376000-7ff9a8473000 rw-p 00000000 00:00 0 
7ff9a8473000-7ff9a8474000 ---p 00000000 00:00 0 
7ff9a8474000-7ff9a8477000 ---p 00000000 00:00 0 
7ff9a8477000-7ff9a8574000 rw-p 00000000 00:00 0 
7ff9a8574000-7ff9a8577000 ---p 00000000 00:00 0 
7ff9a8577000-7ff9a8675000 rw-p 00000000 00:00 0 
7ff9a8675000-7ff9a8678000 ---p 00000000 00:00 0 
7ff9a8678000-7ff9a8776000 rw-p 00000000 00:00 0 
7ff9a8776000-7ff9a8779000 ---p 00000000 00:00 0 
7ff9a8779000-7ff9a8877000 rw-p 00000000 00:00 0 
7ff9a8877000-7ff9a8878000 ---p 00000000 00:00 0 
7ff9a8878000-7ff9aa5c9000 rw-p 00000000 00:00 0 
7ff9aa5c9000-7ff9aa7a3000 r--s 03d6f000 08:06 10888034                   /usr/lib/jvm/jdk1.8.0_201/jre/lib/rt.jar
7ff9aa7a3000-7ff9ab377000 rw-p 00000000 00:00 0 
7ff9ab377000-7ff9ab378000 ---p 00000000 00:00 0 
7ff9ab378000-7ff9ab478000 rw-p 00000000 00:00 0 
7ff9ab478000-7ff9ab479000 ---p 00000000 00:00 0 
7ff9ab479000-7ff9ab579000 rw-p 00000000 00:00 0 
7ff9ab579000-7ff9ab57a000 ---p 00000000 00:00 0 
7ff9ab57a000-7ff9ab67a000 rw-p 00000000 00:00 0 
7ff9ab67a000-7ff9ab67b000 ---p 00000000 00:00 0 
7ff9ab67b000-7ff9ab77b000 rw-p 00000000 00:00 0 
7ff9ab77b000-7ff9ab77c000 ---p 00000000 00:00 0 
7ff9ab77c000-7ff9ab87c000 rw-p 00000000 00:00 0 
7ff9ab87c000-7ff9ab87d000 ---p 00000000 00:00 0 
7ff9ab87d000-7ff9ab97d000 rw-p 00000000 00:00 0 
7ff9ab97d000-7ff9ab97e000 ---p 00000000 00:00 0 
7ff9ab97e000-7ff9aba7e000 rw-p 00000000 00:00 0 
7ff9aba7e000-7ff9aba7f000 ---p 00000000 00:00 0 
7ff9aba7f000-7ff9abba9000 rw-p 00000000 00:00 0 
7ff9abba9000-7ff9abe0d000 ---p 00000000 00:00 0 
7ff9abe0d000-7ff9abe37000 rw-p 00000000 00:00 0 
7ff9abe37000-7ff9ac09a000 ---p 00000000 00:00 0 
7ff9ac09a000-7ff9ac0af000 rw-p 00000000 00:00 0 
7ff9ac0af000-7ff9ac1e1000 ---p 00000000 00:00 0 
7ff9ac1e1000-7ff9ac1ef000 rw-p 00000000 00:00 0 
7ff9ac1ef000-7ff9ac5a2000 ---p 00000000 00:00 0 
7ff9ac5a2000-7ff9ac8d2000 rwxp 00000000 00:00 0 
7ff9ac8d2000-7ff9bb5a2000 ---p 00000000 00:00 0 
7ff9bb5a2000-7ff9bb5bd000 r-xp 00000000 08:06 10888324                   /usr/lib/jvm/jdk1.8.0_201/jre/lib/amd64/libzip.so
7ff9bb5bd000-7ff9bb7bc000 ---p 0001b000 08:06 10888324                   /usr/lib/jvm/jdk1.8.0_201/jre/lib/amd64/libzip.so
7ff9bb7bc000-7ff9bb7bd000 r--p 0001a000 08:06 10888324                   /usr/lib/jvm/jdk1.8.0_201/jre/lib/amd64/libzip.so
7ff9bb7bd000-7ff9bb7be000 rw-p 0001b000 08:06 10888324                   /usr/lib/jvm/jdk1.8.0_201/jre/lib/amd64/libzip.so
7ff9bb7be000-7ff9bb7c9000 r-xp 00000000 08:06 3937066                    /lib/x86_64-linux-gnu/libnss_files-2.27.so
7ff9bb7c9000-7ff9bb9c8000 ---p 0000b000 08:06 3937066                    /lib/x86_64-linux-gnu/libnss_files-2.27.so
7ff9bb9c8000-7ff9bb9c9000 r--p 0000a000 08:06 3937066                    /lib/x86_64-linux-gnu/libnss_files-2.27.so
7ff9bb9c9000-7ff9bb9ca000 rw-p 0000b000 08:06 3937066                    /lib/x86_64-linux-gnu/libnss_files-2.27.so
7ff9bb9ca000-7ff9bb9d0000 rw-p 00000000 00:00 0 
7ff9bb9d0000-7ff9bb9e7000 r-xp 00000000 08:06 3937060                    /lib/x86_64-linux-gnu/libnsl-2.27.so
7ff9bb9e7000-7ff9bbbe6000 ---p 00017000 08:06 3937060                    /lib/x86_64-linux-gnu/libnsl-2.27.so
7ff9bbbe6000-7ff9bbbe7000 r--p 00016000 08:06 3937060                    /lib/x86_64-linux-gnu/libnsl-2.27.so
7ff9bbbe7000-7ff9bbbe8000 rw-p 00017000 08:06 3937060                    /lib/x86_64-linux-gnu/libnsl-2.27.so
7ff9bbbe8000-7ff9bbbea000 rw-p 00000000 00:00 0 
7ff9bbbea000-7ff9bbbf5000 r-xp 00000000 08:06 3937077                    /lib/x86_64-linux-gnu/libnss_nis-2.27.so
7ff9bbbf5000-7ff9bbdf4000 ---p 0000b000 08:06 3937077                    /lib/x86_64-linux-gnu/libnss_nis-2.27.so
7ff9bbdf4000-7ff9bbdf5000 r--p 0000a000 08:06 3937077                    /lib/x86_64-linux-gnu/libnss_nis-2.27.so
7ff9bbdf5000-7ff9bbdf6000 rw-p 0000b000 08:06 3937077                    /lib/x86_64-linux-gnu/libnss_nis-2.27.so
7ff9bbdf6000-7ff9bbdfe000 r-xp 00000000 08:06 3937062                    /lib/x86_64-linux-gnu/libnss_compat-2.27.so
7ff9bbdfe000-7ff9bbffe000 ---p 00008000 08:06 3937062                    /lib/x86_64-linux-gnu/libnss_compat-2.27.so
7ff9bbffe000-7ff9bbfff000 r--p 00008000 08:06 3937062                    /lib/x86_64-linux-gnu/libnss_compat-2.27.so
7ff9bbfff000-7ff9bc000000 rw-p 00009000 08:06 3937062                    /lib/x86_64-linux-gnu/libnss_compat-2.27.so
7ff9bc000000-7ff9bc904000 rw-p 00000000 00:00 0 
7ff9bc904000-7ff9c0000000 ---p 00000000 00:00 0 
7ff9c0000000-7ff9c0002000 r--s 00006000 08:06 131439                     /home/ermicho/.gradle/wrapper/dists/gradle-4.10.2-all/9fahxiiecdb76a5g3aw9oi8rv/gradle-4.10.2/lib/gradle-process-services-4.10.2.jar
7ff9c0002000-7ff9c0004000 r--s 00000000 08:06 131434                     /home/ermicho/.gradle/wrapper/dists/gradle-4.10.2-all/9fahxiiecdb76a5g3aw9oi8rv/gradle-4.10.2/lib/gradle-jvm-services-4.10.2.jar
7ff9c0004000-7ff9c0011000 r--s 00037000 08:06 131435                     /home/ermicho/.gradle/wrapper/dists/gradle-4.10.2-all/9fahxiiecdb76a5g3aw9oi8rv/gradle-4.10.2/lib/gradle-core-api-4.10.2.jar
7ff9c0011000-7ff9c001d000 r--s 00064000 08:06 131446                     /home/ermicho/.gradle/wrapper/dists/gradle-4.10.2-all/9fahxiiecdb76a5g3aw9oi8rv/gradle-4.10.2/lib/gradle-base-services-4.10.2.jar
7ff9c001d000-7ff9c00b4000 rw-p 00000000 00:00 0 
7ff9c00b4000-7ff9c00e0000 r-xp 00000000 08:06 10888318                   /usr/lib/jvm/jdk1.8.0_201/jre/lib/amd64/libjava.so
7ff9c00e0000-7ff9c02e0000 ---p 0002c000 08:06 10888318                   /usr/lib/jvm/jdk1.8.0_201/jre/lib/amd64/libjava.so
7ff9c02e0000-7ff9c02e1000 r--p 0002c000 08:06 10888318                   /usr/lib/jvm/jdk1.8.0_201/jre/lib/amd64/libjava.so
7ff9c02e1000-7ff9c02e3000 rw-p 0002d000 08:06 10888318                   /usr/lib/jvm/jdk1.8.0_201/jre/lib/amd64/libjava.so
7ff9c02e3000-7ff9c02f0000 r-xp 00000000 08:06 10888323                   /usr/lib/jvm/jdk1.8.0_201/jre/lib/amd64/libverify.so
7ff9c02f0000-7ff9c04ef000 ---p 0000d000 08:06 10888323                   /usr/lib/jvm/jdk1.8.0_201/jre/lib/amd64/libverify.so
7ff9c04ef000-7ff9c04f1000 r--p 0000c000 08:06 10888323                   /usr/lib/jvm/jdk1.8.0_201/jre/lib/amd64/libverify.so
7ff9c04f1000-7ff9c04f2000 rw-p 0000e000 08:06 10888323                   /usr/lib/jvm/jdk1.8.0_201/jre/lib/amd64/libverify.so
7ff9c04f2000-7ff9c04f9000 r-xp 00000000 08:06 3937117                    /lib/x86_64-linux-gnu/librt-2.27.so
7ff9c04f9000-7ff9c06f8000 ---p 00007000 08:06 3937117                    /lib/x86_64-linux-gnu/librt-2.27.so
7ff9c06f8000-7ff9c06f9000 r--p 00006000 08:06 3937117                    /lib/x86_64-linux-gnu/librt-2.27.so
7ff9c06f9000-7ff9c06fa000 rw-p 00007000 08:06 3937117                    /lib/x86_64-linux-gnu/librt-2.27.so
7ff9c06fa000-7ff9c0897000 r-xp 00000000 08:06 3937039                    /lib/x86_64-linux-gnu/libm-2.27.so
7ff9c0897000-7ff9c0a96000 ---p 0019d000 08:06 3937039                    /lib/x86_64-linux-gnu/libm-2.27.so
7ff9c0a96000-7ff9c0a97000 r--p 0019c000 08:06 3937039                    /lib/x86_64-linux-gnu/libm-2.27.so
7ff9c0a97000-7ff9c0a98000 rw-p 0019d000 08:06 3937039                    /lib/x86_64-linux-gnu/libm-2.27.so
7ff9c0a98000-7ff9c1780000 r-xp 00000000 08:06 10888346                   /usr/lib/jvm/jdk1.8.0_201/jre/lib/amd64/server/libjvm.so
7ff9c1780000-7ff9c197f000 ---p 00ce8000 08:06 10888346                   /usr/lib/jvm/jdk1.8.0_201/jre/lib/amd64/server/libjvm.so
7ff9c197f000-7ff9c1a15000 r--p 00ce7000 08:06 10888346                   /usr/lib/jvm/jdk1.8.0_201/jre/lib/amd64/server/libjvm.so
7ff9c1a15000-7ff9c1a46000 rw-p 00d7d000 08:06 10888346                   /usr/lib/jvm/jdk1.8.0_201/jre/lib/amd64/server/libjvm.so
7ff9c1a46000-7ff9c1a81000 rw-p 00000000 00:00 0 
7ff9c1a81000-7ff9c1c68000 r-xp 00000000 08:06 3936976                    /lib/x86_64-linux-gnu/libc-2.27.so
7ff9c1c68000-7ff9c1e68000 ---p 001e7000 08:06 3936976                    /lib/x86_64-linux-gnu/libc-2.27.so
7ff9c1e68000-7ff9c1e6c000 r--p 001e7000 08:06 3936976                    /lib/x86_64-linux-gnu/libc-2.27.so
7ff9c1e6c000-7ff9c1e6e000 rw-p 001eb000 08:06 3936976                    /lib/x86_64-linux-gnu/libc-2.27.so
7ff9c1e6e000-7ff9c1e72000 rw-p 00000000 00:00 0 
7ff9c1e72000-7ff9c1e75000 r-xp 00000000 08:06 3936999                    /lib/x86_64-linux-gnu/libdl-2.27.so
7ff9c1e75000-7ff9c2074000 ---p 00003000 08:06 3936999                    /lib/x86_64-linux-gnu/libdl-2.27.so
7ff9c2074000-7ff9c2075000 r--p 00002000 08:06 3936999                    /lib/x86_64-linux-gnu/libdl-2.27.so
7ff9c2075000-7ff9c2076000 rw-p 00003000 08:06 3936999                    /lib/x86_64-linux-gnu/libdl-2.27.so
7ff9c2076000-7ff9c208d000 r-xp 00000000 08:06 9054391                    /usr/lib/jvm/jdk1.8.0_201/lib/amd64/jli/libjli.so
7ff9c208d000-7ff9c228c000 ---p 00017000 08:06 9054391                    /usr/lib/jvm/jdk1.8.0_201/lib/amd64/jli/libjli.so
7ff9c228c000-7ff9c228d000 r--p 00016000 08:06 9054391                    /usr/lib/jvm/jdk1.8.0_201/lib/amd64/jli/libjli.so
7ff9c228d000-7ff9c228e000 rw-p 00017000 08:06 9054391                    /usr/lib/jvm/jdk1.8.0_201/lib/amd64/jli/libjli.so
7ff9c228e000-7ff9c22a8000 r-xp 00000000 08:06 3937109                    /lib/x86_64-linux-gnu/libpthread-2.27.so
7ff9c22a8000-7ff9c24a7000 ---p 0001a000 08:06 3937109                    /lib/x86_64-linux-gnu/libpthread-2.27.so
7ff9c24a7000-7ff9c24a8000 r--p 00019000 08:06 3937109                    /lib/x86_64-linux-gnu/libpthread-2.27.so
7ff9c24a8000-7ff9c24a9000 rw-p 0001a000 08:06 3937109                    /lib/x86_64-linux-gnu/libpthread-2.27.so
7ff9c24a9000-7ff9c24ad000 rw-p 00000000 00:00 0 
7ff9c24ad000-7ff9c24d4000 r-xp 00000000 08:06 3936948                    /lib/x86_64-linux-gnu/ld-2.27.so
7ff9c24d4000-7ff9c24d6000 r--s 00006000 08:06 131463                     /home/ermicho/.gradle/wrapper/dists/gradle-4.10.2-all/9fahxiiecdb76a5g3aw9oi8rv/gradle-4.10.2/lib/jsr305-2.0.1.jar
7ff9c24d6000-7ff9c24d9000 r--s 0001a000 08:06 131464                     /home/ermicho/.gradle/wrapper/dists/gradle-4.10.2-all/9fahxiiecdb76a5g3aw9oi8rv/gradle-4.10.2/lib/fastutil-7.2.1-min.jar
7ff9c24d9000-7ff9c24dd000 r--s 0002a000 08:06 131456                     /home/ermicho/.gradle/wrapper/dists/gradle-4.10.2-all/9fahxiiecdb76a5g3aw9oi8rv/gradle-4.10.2/lib/commons-io-2.4.jar
7ff9c24dd000-7ff9c24ea000 r--s 00068000 08:06 131428                     /home/ermicho/.gradle/wrapper/dists/gradle-4.10.2-all/9fahxiiecdb76a5g3aw9oi8rv/gradle-4.10.2/lib/gradle-launcher-4.10.2.jar
7ff9c24ea000-7ff9c25b5000 rw-p 00000000 00:00 0 
7ff9c25b5000-7ff9c25b6000 ---p 00000000 00:00 0 
7ff9c25b6000-7ff9c25b9000 ---p 00000000 00:00 0 
7ff9c25b9000-7ff9c26ba000 rw-p 00000000 00:00 0 
7ff9c26ba000-7ff9c26bb000 r--s 00000000 08:06 131465                     /home/ermicho/.gradle/wrapper/dists/gradle-4.10.2-all/9fahxiiecdb76a5g3aw9oi8rv/gradle-4.10.2/lib/jcip-annotations-1.0.jar
7ff9c26bb000-7ff9c26bd000 r--s 0001a000 08:06 131455                     /home/ermicho/.gradle/wrapper/dists/gradle-4.10.2-all/9fahxiiecdb76a5g3aw9oi8rv/gradle-4.10.2/lib/asm-6.2.jar
7ff9c26bd000-7ff9c26be000 r--s 00009000 08:06 131461                     /home/ermicho/.gradle/wrapper/dists/gradle-4.10.2-all/9fahxiiecdb76a5g3aw9oi8rv/gradle-4.10.2/lib/slf4j-api-1.7.16.jar
7ff9c26be000-7ff9c26c3000 r--s 00041000 08:06 131457                     /home/ermicho/.gradle/wrapper/dists/gradle-4.10.2-all/9fahxiiecdb76a5g3aw9oi8rv/gradle-4.10.2/lib/commons-lang-2.6.jar
7ff9c26c3000-7ff9c26c4000 r--s 00004000 08:06 131474                     /home/ermicho/.gradle/wrapper/dists/gradle-4.10.2-all/9fahxiiecdb76a5g3aw9oi8rv/gradle-4.10.2/lib/ant-launcher-1.9.11.jar
7ff9c26c4000-7ff9c26c8000 r--s 000a1000 08:06 10888039                   /usr/lib/jvm/jdk1.8.0_201/jre/lib/jsse.jar
7ff9c26c8000-7ff9c26ca000 r--s 0000c000 08:06 4280447                    /home/ermicho/projects/react-native/TodoApp/android/gradle/wrapper/gradle-wrapper.jar
7ff9c26ca000-7ff9c26d2000 rw-s 00000000 08:06 13139563                   /tmp/hsperfdata_ermicho/3714
7ff9c26d2000-7ff9c26d3000 rw-p 00000000 00:00 0 
7ff9c26d3000-7ff9c26d4000 r--p 00000000 00:00 0 
7ff9c26d4000-7ff9c26d5000 r--p 00027000 08:06 3936948                    /lib/x86_64-linux-gnu/ld-2.27.so
7ff9c26d5000-7ff9c26d6000 rw-p 00028000 08:06 3936948                    /lib/x86_64-linux-gnu/ld-2.27.so
7ff9c26d6000-7ff9c26d7000 rw-p 00000000 00:00 0 
7ffc3f240000-7ffc3f263000 rw-p 00000000 00:00 0                          [stack]
7ffc3f286000-7ffc3f289000 r--p 00000000 00:00 0                          [vvar]
7ffc3f289000-7ffc3f28b000 r-xp 00000000 00:00 0                          [vdso]
ffffffffff600000-ffffffffff601000 r-xp 00000000 00:00 0                  [vsyscall]

VM Arguments:
jvm_args: -Dorg.gradle.appname=gradlew 
java_command: org.gradle.wrapper.GradleWrapperMain app:installDebug
java_class_path (initial): /home/ermicho/projects/react-native/TodoApp/android/gradle/wrapper/gradle-wrapper.jar
Launcher Type: SUN_STANDARD

Environment Variables:
JAVA_HOME=/usr/lib/jvm/jdk1.8.0_201
PATH=/home/ermicho/projects/react-native/TodoApp/node_modules/.bin:/usr/local/lib/node_modules/npm/node_modules/npm-lifecycle/node-gyp-bin:/home/ermicho/projects/react-native/TodoApp/node_modules/.bin:/usr/local/sbin:/usr/local/bin:/usr/sbin:/usr/bin:/sbin:/bin:/usr/games:/usr/local/games:/snap/bin:/home/ermicho/Android/Sdk/tools:/home/ermicho/Android/Sdk/tools/bin:/home/ermicho/Android/Sdk/platform-tools:/home/ermicho/Android/Sdk/emulator:/home/ermicho/Android/Sdk/tools/bin:/home/ermicho/Android/Sdk/platform-tools
USERNAME=ermicho
SHELL=/bin/bash
DISPLAY=:0

Signal Handlers:
SIGSEGV: [libjvm.so+0xad3e60], sa_mask[0]=11111111011111111101111111111110, sa_flags=SA_RESTART|SA_SIGINFO
SIGBUS: [libjvm.so+0xad3e60], sa_mask[0]=11111111011111111101111111111110, sa_flags=SA_RESTART|SA_SIGINFO
SIGFPE: [libjvm.so+0x90b880], sa_mask[0]=11111111011111111101111111111110, sa_flags=SA_RESTART|SA_SIGINFO
SIGPIPE: [libjvm.so+0x90b880], sa_mask[0]=11111111011111111101111111111110, sa_flags=SA_RESTART|SA_SIGINFO
SIGXFSZ: [libjvm.so+0x90b880], sa_mask[0]=11111111011111111101111111111110, sa_flags=SA_RESTART|SA_SIGINFO
SIGILL: [libjvm.so+0x90b880], sa_mask[0]=11111111011111111101111111111110, sa_flags=SA_RESTART|SA_SIGINFO
SIGUSR1: SIG_DFL, sa_mask[0]=00000000000000000000000000000000, sa_flags=none
SIGUSR2: [libjvm.so+0x90b750], sa_mask[0]=00000000000000000000000000000000, sa_flags=SA_RESTART|SA_SIGINFO
SIGHUP: [libjvm.so+0x90bd70], sa_mask[0]=11111111011111111101111111111110, sa_flags=SA_RESTART|SA_SIGINFO
SIGINT: [libjvm.so+0x90bd70], sa_mask[0]=11111111011111111101111111111110, sa_flags=SA_RESTART|SA_SIGINFO
SIGTERM: [libjvm.so+0x90bd70], sa_mask[0]=11111111011111111101111111111110, sa_flags=SA_RESTART|SA_SIGINFO
SIGQUIT: [libjvm.so+0x90bd70], sa_mask[0]=11111111011111111101111111111110, sa_flags=SA_RESTART|SA_SIGINFO


---------------  S Y S T E M  ---------------

OS:DISTRIB_ID=Ubuntu
DISTRIB_RELEASE=18.04
DISTRIB_CODENAME=bionic
DISTRIB_DESCRIPTION="Ubuntu 18.04.2 LTS"

uname:Linux 4.15.0-46-generic #49-Ubuntu SMP Wed Feb 6 09:33:07 UTC 2019 x86_64
libc:glibc 2.27 NPTL 2.27 
rlimit: STACK 8192k, CORE 0k, NPROC 30711, NOFILE 4096, AS infinity
load average:1.27 1.90 1.88

/proc/meminfo:
MemTotal:        8021608 kB
MemFree:          149808 kB
MemAvailable:    1056300 kB
Buffers:           33444 kB
Cached:          1612364 kB
SwapCached:         1948 kB
Active:          5812532 kB
Inactive:        1539176 kB
Active(anon):    5443512 kB
Inactive(anon):   875776 kB
Active(file):     369020 kB
Inactive(file):   663400 kB
Unevictable:         344 kB
Mlocked:             344 kB
SwapTotal:       2097148 kB
SwapFree:        2002940 kB
Dirty:             98304 kB
Writeback:             0 kB
AnonPages:       5704788 kB
Mapped:           876628 kB
Shmem:            632880 kB
Slab:             274060 kB
SReclaimable:     181896 kB
SUnreclaim:        92164 kB
KernelStack:       27536 kB
PageTables:       102576 kB
NFS_Unstable:          0 kB
Bounce:                0 kB
WritebackTmp:          0 kB
CommitLimit:     6107952 kB
Committed_AS:   19363532 kB
VmallocTotal:   34359738367 kB
VmallocUsed:           0 kB
VmallocChunk:          0 kB
HardwareCorrupted:     0 kB
AnonHugePages:         0 kB
ShmemHugePages:        0 kB
ShmemPmdMapped:        0 kB
CmaTotal:              0 kB
CmaFree:               0 kB
HugePages_Total:       0
HugePages_Free:        0
HugePages_Rsvd:        0
HugePages_Surp:        0
Hugepagesize:       2048 kB
DirectMap4k:      351684 kB
DirectMap2M:     7890944 kB
DirectMap1G:     1048576 kB

container (cgroup) information:
container_type: cgroupv1
cpu_cpuset_cpus: 0-7
cpu_memory_nodes: 0
active_processor_count: 8
cpu_quota: -1
cpu_period: 100000
cpu_shares: -1
memory_limit_in_bytes: -1
memory_and_swap_limit_in_bytes: -2
memory_soft_limit_in_bytes: -1
memory_usage_in_bytes: 7530082304
memory_max_usage_in_bytes: 229744640


CPU:total 8 (initial active 8) (4 cores per cpu, 2 threads per core) family 6 model 142 stepping 10, cmov, cx8, fxsr, mmx, sse, sse2, sse3, ssse3, sse4.1, sse4.2, popcnt, avx, avx2, aes, clmul, erms, 3dnowpref, lzcnt, ht, tsc, tscinvbit, bmi1, bmi2, adx

/proc/cpuinfo:
processor	: 0
vendor_id	: GenuineIntel
cpu family	: 6
model		: 142
model name	: Intel(R) Core(TM) i7-8550U CPU @ 1.80GHz
stepping	: 10
microcode	: 0x96
cpu MHz		: 3270.023
cache size	: 8192 KB
physical id	: 0
siblings	: 8
core id		: 0
cpu cores	: 4
apicid		: 0
initial apicid	: 0
fpu		: yes
fpu_exception	: yes
cpuid level	: 22
wp		: yes
flags		: fpu vme de pse tsc msr pae mce cx8 apic sep mtrr pge mca cmov pat pse36 clflush dts acpi mmx fxsr sse sse2 ss ht tm pbe syscall nx pdpe1gb rdtscp lm constant_tsc art arch_perfmon pebs bts rep_good nopl xtopology nonstop_tsc cpuid aperfmperf tsc_known_freq pni pclmulqdq dtes64 monitor ds_cpl vmx est tm2 ssse3 sdbg fma cx16 xtpr pdcm pcid sse4_1 sse4_2 x2apic movbe popcnt tsc_deadline_timer aes xsave avx f16c rdrand lahf_lm abm 3dnowprefetch cpuid_fault epb invpcid_single pti ssbd ibrs ibpb stibp tpr_shadow vnmi flexpriority ept vpid fsgsbase tsc_adjust bmi1 avx2 smep bmi2 erms invpcid mpx rdseed adx smap clflushopt intel_pt xsaveopt xsavec xgetbv1 xsaves dtherm ida arat pln pts hwp hwp_notify hwp_act_window hwp_epp flush_l1d
bugs		: cpu_meltdown spectre_v1 spectre_v2 spec_store_bypass l1tf
bogomips	: 3984.00
clflush size	: 64
cache_alignment	: 64
address sizes	: 39 bits physical, 48 bits virtual
power management:

processor	: 1
vendor_id	: GenuineIntel
cpu family	: 6
model		: 142
model name	: Intel(R) Core(TM) i7-8550U CPU @ 1.80GHz
stepping	: 10
microcode	: 0x96
cpu MHz		: 3275.326
cache size	: 8192 KB
physical id	: 0
siblings	: 8
core id		: 1
cpu cores	: 4
apicid		: 2
initial apicid	: 2
fpu		: yes
fpu_exception	: yes
cpuid level	: 22
wp		: yes
flags		: fpu vme de pse tsc msr pae mce cx8 apic sep mtrr pge mca cmov pat pse36 clflush dts acpi mmx fxsr sse sse2 ss ht tm pbe syscall nx pdpe1gb rdtscp lm constant_tsc art arch_perfmon pebs bts rep_good nopl xtopology nonstop_tsc cpuid aperfmperf tsc_known_freq pni pclmulqdq dtes64 monitor ds_cpl vmx est tm2 ssse3 sdbg fma cx16 xtpr pdcm pcid sse4_1 sse4_2 x2apic movbe popcnt tsc_deadline_timer aes xsave avx f16c rdrand lahf_lm abm 3dnowprefetch cpuid_fault epb invpcid_single pti ssbd ibrs ibpb stibp tpr_shadow vnmi flexpriority ept vpid fsgsbase tsc_adjust bmi1 avx2 smep bmi2 erms invpcid mpx rdseed adx smap clflushopt intel_pt xsaveopt xsavec xgetbv1 xsaves dtherm ida arat pln pts hwp hwp_notify hwp_act_window hwp_epp flush_l1d
bugs		: cpu_meltdown spectre_v1 spectre_v2 spec_store_bypass l1tf
bogomips	: 3984.00
clflush size	: 64
cache_alignment	: 64
address sizes	: 39 bits physical, 48 bits virtual
power management:

processor	: 2
vendor_id	: GenuineIntel
cpu family	: 6
model		: 142
model name	: Intel(R) Core(TM) i7-8550U CPU @ 1.80GHz
stepping	: 10
microcode	: 0x96
cpu MHz		: 3214.911
cache size	: 8192 KB
physical id	: 0
siblings	: 8
core id		: 2
cpu cores	: 4
apicid		: 4
initial apicid	: 4
fpu		: yes
fpu_exception	: yes
cpuid level	: 22
wp		: yes
flags		: fpu vme de pse tsc msr pae mce cx8 apic sep mtrr pge mca cmov pat pse36 clflush dts acpi mmx fxsr sse sse2 ss ht tm pbe syscall nx pdpe1gb rdtscp lm constant_tsc art arch_perfmon pebs bts rep_good nopl xtopology nonstop_tsc cpuid aperfmperf tsc_known_freq pni pclmulqdq dtes64 monitor ds_cpl vmx est tm2 ssse3 sdbg fma cx16 xtpr pdcm pcid sse4_1 sse4_2 x2apic movbe popcnt tsc_deadline_timer aes xsave avx f16c rdrand lahf_lm abm 3dnowprefetch cpuid_fault epb invpcid_single pti ssbd ibrs ibpb stibp tpr_shadow vnmi flexpriority ept vpid fsgsbase tsc_adjust bmi1 avx2 smep bmi2 erms invpcid mpx rdseed adx smap clflushopt intel_pt xsaveopt xsavec xgetbv1 xsaves dtherm ida arat pln pts hwp hwp_notify hwp_act_window hwp_epp flush_l1d
bugs		: cpu_meltdown spectre_v1 spectre_v2 spec_store_bypass l1tf
bogomips	: 3984.00
clflush size	: 64
cache_alignment	: 64
address sizes	: 39 bits physical, 48 bits virtual
power management:

processor	: 3
vendor_id	: GenuineIntel
cpu family	: 6
model		: 142
model name	: Intel(R) Core(TM) i7-8550U CPU @ 1.80GHz
stepping	: 10
microcode	: 0x96
cpu MHz		: 3266.249
cache size	: 8192 KB
physical id	: 0
siblings	: 8
core id		: 3
cpu cores	: 4
apicid		: 6
initial apicid	: 6
fpu		: yes
fpu_exception	: yes
cpuid level	: 22
wp		: yes
flags		: fpu vme de pse tsc msr pae mce cx8 apic sep mtrr pge mca cmov pat pse36 clflush dts acpi mmx fxsr sse sse2 ss ht tm pbe syscall nx pdpe1gb rdtscp lm constant_tsc art arch_perfmon pebs bts rep_good nopl xtopology nonstop_tsc cpuid aperfmperf tsc_known_freq pni pclmulqdq dtes64 monitor ds_cpl vmx est tm2 ssse3 sdbg fma cx16 xtpr pdcm pcid sse4_1 sse4_2 x2apic movbe popcnt tsc_deadline_timer aes xsave avx f16c rdrand lahf_lm abm 3dnowprefetch cpuid_fault epb invpcid_single pti ssbd ibrs ibpb stibp tpr_shadow vnmi flexpriority ept vpid fsgsbase tsc_adjust bmi1 avx2 smep bmi2 erms invpcid mpx rdseed adx smap clflushopt intel_pt xsaveopt xsavec xgetbv1 xsaves dtherm ida arat pln pts hwp hwp_notify hwp_act_window hwp_epp flush_l1d
bugs		: cpu_meltdown spectre_v1 spectre_v2 spec_store_bypass l1tf
bogomips	: 3984.00
clflush size	: 64
cache_alignment	: 64
address sizes	: 39 bits physical, 48 bits virtual
power management:

processor	: 4
vendor_id	: GenuineIntel
cpu family	: 6
model		: 142
model name	: Intel(R) Core(TM) i7-8550U CPU @ 1.80GHz
stepping	: 10
microcode	: 0x96
cpu MHz		: 3279.898
cache size	: 8192 KB
physical id	: 0
siblings	: 8
core id		: 0
cpu cores	: 4
apicid		: 1
initial apicid	: 1
fpu		: yes
fpu_exception	: yes
cpuid level	: 22
wp		: yes
flags		: fpu vme de pse tsc msr pae mce cx8 apic sep mtrr pge mca cmov pat pse36 clflush dts acpi mmx fxsr sse sse2 ss ht tm pbe syscall nx pdpe1gb rdtscp lm constant_tsc art arch_perfmon pebs bts rep_good nopl xtopology nonstop_tsc cpuid aperfmperf tsc_known_freq pni pclmulqdq dtes64 monitor ds_cpl vmx est tm2 ssse3 sdbg fma cx16 xtpr pdcm pcid sse4_1 sse4_2 x2apic movbe popcnt tsc_deadline_timer aes xsave avx f16c rdrand lahf_lm abm 3dnowprefetch cpuid_fault epb invpcid_single pti ssbd ibrs ibpb stibp tpr_shadow vnmi flexpriority ept vpid fsgsbase tsc_adjust bmi1 avx2 smep bmi2 erms invpcid mpx rdseed adx smap clflushopt intel_pt xsaveopt xsavec xgetbv1 xsaves dtherm ida arat pln pts hwp hwp_notify hwp_act_window hwp_epp flush_l1d
bugs		: cpu_meltdown spectre_v1 spectre_v2 spec_store_bypass l1tf
bogomips	: 3984.00
clflush size	: 64
cache_alignment	: 64
address sizes	: 39 bits physical, 48 bits virtual
power management:

processor	: 5
vendor_id	: GenuineIntel
cpu family	: 6
model		: 142
model name	: Intel(R) Core(TM) i7-8550U CPU @ 1.80GHz
stepping	: 10
microcode	: 0x96
cpu MHz		: 3280.069
cache size	: 8192 KB
physical id	: 0
siblings	: 8
core id		: 1
cpu cores	: 4
apicid		: 3
initial apicid	: 3
fpu		: yes
fpu_exception	: yes
cpuid level	: 22
wp		: yes
flags		: fpu vme de pse tsc msr pae mce cx8 apic sep mtrr pge mca cmov pat pse36 clflush dts acpi mmx fxsr sse sse2 ss ht tm pbe syscall nx pdpe1gb rdtscp lm constant_tsc art arch_perfmon pebs bts rep_good nopl xtopology nonstop_tsc cpuid aperfmperf tsc_known_freq pni pclmulqdq dtes64 monitor ds_cpl vmx est tm2 ssse3 sdbg fma cx16 xtpr pdcm pcid sse4_1 sse4_2 x2apic movbe popcnt tsc_deadline_timer aes xsave avx f16c rdrand lahf_lm abm 3dnowprefetch cpuid_fault epb invpcid_single pti ssbd ibrs ibpb stibp tpr_shadow vnmi flexpriority ept vpid fsgsbase tsc_adjust bmi1 avx2 smep bmi2 erms invpcid mpx rdseed adx smap clflushopt intel_pt xsaveopt xsavec xgetbv1 xsaves dtherm ida arat pln pts hwp hwp_notify hwp_act_window hwp_epp flush_l1d
bugs		: cpu_meltdown spectre_v1 spectre_v2 spec_store_bypass l1tf
bogomips	: 3984.00
clflush size	: 64
cache_alignment	: 64
address sizes	: 39 bits physical, 48 bits virtual
power management:

processor	: 6
vendor_id	: GenuineIntel
cpu family	: 6
model		: 142
model name	: Intel(R) Core(TM) i7-8550U CPU @ 1.80GHz
stepping	: 10
microcode	: 0x96
cpu MHz		: 3231.908
cache size	: 8192 KB
physical id	: 0
siblings	: 8
core id		: 2
cpu cores	: 4
apicid		: 5
initial apicid	: 5
fpu		: yes
fpu_exception	: yes
cpuid level	: 22
wp		: yes
flags		: fpu vme de pse tsc msr pae mce cx8 apic sep mtrr pge mca cmov pat pse36 clflush dts acpi mmx fxsr sse sse2 ss ht tm pbe syscall nx pdpe1gb rdtscp lm constant_tsc art arch_perfmon pebs bts rep_good nopl xtopology nonstop_tsc cpuid aperfmperf tsc_known_freq pni pclmulqdq dtes64 monitor ds_cpl vmx est tm2 ssse3 sdbg fma cx16 xtpr pdcm pcid sse4_1 sse4_2 x2apic movbe popcnt tsc_deadline_timer aes xsave avx f16c rdrand lahf_lm abm 3dnowprefetch cpuid_fault epb invpcid_single pti ssbd ibrs ibpb stibp tpr_shadow vnmi flexpriority ept vpid fsgsbase tsc_adjust bmi1 avx2 smep bmi2 erms invpcid mpx rdseed adx smap clflushopt intel_pt xsaveopt xsavec xgetbv1 xsaves dtherm ida arat pln pts hwp hwp_notify hwp_act_window hwp_epp flush_l1d
bugs		: cpu_meltdown spectre_v1 spectre_v2 spec_store_bypass l1tf
bogomips	: 3984.00
clflush size	: 64
cache_alignment	: 64
address sizes	: 39 bits physical, 48 bits virtual
power management:

processor	: 7
vendor_id	: GenuineIntel
cpu family	: 6
model		: 142
model name	: Intel(R) Core(TM) i7-8550U CPU @ 1.80GHz
stepping	: 10
microcode	: 0x96
cpu MHz		: 3267.260
cache size	: 8192 KB
physical id	: 0
siblings	: 8
core id		: 3
cpu cores	: 4
apicid		: 7
initial apicid	: 7
fpu		: yes
fpu_exception	: yes
cpuid level	: 22
wp		: yes
flags		: fpu vme de pse tsc msr pae mce cx8 apic sep mtrr pge mca cmov pat pse36 clflush dts acpi mmx fxsr sse sse2 ss ht tm pbe syscall nx pdpe1gb rdtscp lm constant_tsc art arch_perfmon pebs bts rep_good nopl xtopology nonstop_tsc cpuid aperfmperf tsc_known_freq pni pclmulqdq dtes64 monitor ds_cpl vmx est tm2 ssse3 sdbg fma cx16 xtpr pdcm pcid sse4_1 sse4_2 x2apic movbe popcnt tsc_deadline_timer aes xsave avx f16c rdrand lahf_lm abm 3dnowprefetch cpuid_fault epb invpcid_single pti ssbd ibrs ibpb stibp tpr_shadow vnmi flexpriority ept vpid fsgsbase tsc_adjust bmi1 avx2 smep bmi2 erms invpcid mpx rdseed adx smap clflushopt intel_pt xsaveopt xsavec xgetbv1 xsaves dtherm ida arat pln pts hwp hwp_notify hwp_act_window hwp_epp flush_l1d
bugs		: cpu_meltdown spectre_v1 spectre_v2 spec_store_bypass l1tf
bogomips	: 3984.00
clflush size	: 64
cache_alignment	: 64
address sizes	: 39 bits physical, 48 bits virtual
power management:



Memory: 4k page, physical 8021608k(143128k free), swap 2097148k(2002940k free)

vm_info: Java HotSpot(TM) 64-Bit Server VM (25.201-b09) for linux-amd64 JRE (1.8.0_201-b09), built on Dec 15 2018 11:35:59 by "java_re" with gcc 7.3.0

time: Sun Mar 17 18:43:35 2019
timezone: IST
elapsed time: 5 seconds (0d 0h 0m 5s)

